Arguments: 
  /usr/local/bin/node /usr/local/Cellar/yarn/1.7.0/libexec/bin/yarn.js dev

PATH: 
  /usr/local/opt/mongodb@3.0/bin:/usr/local/opt/mongodb@3.0/bin:/Users/admin/.rvm/gems/ruby-2.4.0/bin:/Users/admin/.rvm/gems/ruby-2.4.0@global/bin:/Users/admin/.rvm/rubies/ruby-2.4.0/bin:/usr/local/bin:/usr/bin:/bin:/usr/sbin:/sbin:/Users/admin/.rvm/bin

Yarn version: 
  1.7.0

Node version: 
  8.12.0

Platform: 
  darwin x64

Trace: 
  SyntaxError: /Users/admin/Project/nodejs-express-mongodb-boilerplate/package.json: Unexpected token } in JSON at position 162
      at JSON.parse (<anonymous>)
      at /usr/local/Cellar/yarn/1.7.0/libexec/lib/cli.js:1130:59
      at Generator.next (<anonymous>)
      at step (/usr/local/Cellar/yarn/1.7.0/libexec/lib/cli.js:98:30)
      at /usr/local/Cellar/yarn/1.7.0/libexec/lib/cli.js:109:13
      at <anonymous>

npm manifest: 
  {
    "name": "nodejs-express-mongodb-boilerplate",
    "version": "1.0.0",
    "description": "",
    "main": "server.js",
    "scripts": {
      "dev": "node server.js",
    },
    "keywords": [
      "Nodejs",
      "Express",
      "MongoDB",
      "Mongoose",
      "RestAPI"
    ],
    "author": "",
    "license": "ISC",
    "dependencies": {
      "body-parser": "^1.18.3",
      "express": "^4.16.4",
      "mongoose": "^5.4.2"
    }
  }

yarn manifest: 
  No manifest

Lockfile: 
  No lockfile
